[ 2018-01-25T14:00:12+08:00 ] 127.0.0.1 /Home/Orders/currency_trade.html
INFO: [ app_init ] --START--
INFO: Run Behavior\BuildLiteBehavior [ RunTime:0.000000s ]
INFO: [ app_init ] --END-- [ RunTime:0.001000s ]
INFO: [ app_begin ] --START--
INFO: Run Behavior\ReadHtmlCacheBehavior [ RunTime:0.001000s ]
INFO: [ app_begin ] --END-- [ RunTime:0.001000s ]
NOTIC: [2] preg_match(): Delimiter must not be alphanumeric or backslash D:\PHP\wamp\www\bisheng\App\Common\Common\function.php 第 620 行.
SQL: SHOW COLUMNS FROM `yang_config` [ RunTime:0.0430s ]
SQL: SELECT * FROM `yang_config`  [ RunTime:0.0530s ]
SQL: SHOW COLUMNS FROM `yang_dividend_config` [ RunTime:0.0520s ]
SQL: SELECT * FROM `yang_dividend_config`  [ RunTime:0.0420s ]
SQL: SHOW COLUMNS FROM `yang_article_category` [ RunTime:0.0440s ]
SQL: SELECT * FROM `yang_article_category` WHERE ( parent_id = 6 ) LIMIT 4   [ RunTime:0.0430s ]
SQL: SHOW COLUMNS FROM `yang_article` [ RunTime:0.0430s ]
SQL: SELECT * FROM `yang_article` WHERE ( position_id = 7 ) LIMIT 4   [ RunTime:0.0420s ]
SQL: SHOW COLUMNS FROM `yang_orders` [ RunTime:0.0430s ]
NOTIC: [8] Undefined index: USER_KEY_ID D:\PHP\wamp\www\bisheng\App\Common\Controller\CommonController.class.php 第 77 行.
SQL: SHOW COLUMNS FROM `yang_currency` [ RunTime:0.0430s ]
SQL: SELECT * FROM `yang_currency` WHERE ( is_line=1  ) ORDER BY sort  [ RunTime:0.0480s ]
SQL: SELECT COUNT(*) AS tp_count FROM `yang_currency` WHERE ( is_line=1 ) LIMIT 1   [ RunTime:0.0500s ]
SQL: SELECT * FROM `yang_currency` WHERE ( is_line=1 ) ORDER BY sort LIMIT 0,10   [ RunTime:0.0470s ]
SQL: SHOW COLUMNS FROM `yang_trade` [ RunTime:0.0510s ]
SQL: SELECT * FROM `yang_trade` WHERE `currency_id` = 29 ORDER BY add_time desc LIMIT 1   [ RunTime:0.0440s ]
SQL: SELECT * FROM `yang_trade` WHERE `currency_id` = 29 AND ( add_time<1516809600 ) ORDER BY add_time desc LIMIT 1   [ RunTime:0.0440s ]
SQL: SELECT * FROM `yang_trade` WHERE `currency_id` = 29 AND ( add_time<1516860011-60*60*24 ) ORDER BY add_time desc LIMIT 1   [ RunTime:0.0420s ]
SQL: SELECT * FROM `yang_trade` WHERE `currency_id` = 29 AND ( add_time<1516860011-60*60*24*7 ) ORDER BY add_time desc LIMIT 1   [ RunTime:0.0440s ]
SQL: SELECT SUM(num) AS tp_sum FROM `yang_trade` WHERE `currency_id` = 29 AND ( add_time>1516860011-60*60*24 ) LIMIT 1   [ RunTime:0.0430s ]
SQL: SELECT SUM(num*price) AS tp_sum FROM `yang_trade` WHERE `currency_id` = 29 AND ( add_time>1516860011-60*60*24 ) LIMIT 1   [ RunTime:0.0430s ]
SQL: SELECT `price` FROM `yang_trade` WHERE `currency_id` = 29 ORDER BY price asc LIMIT 1   [ RunTime:0.0430s ]
SQL: SELECT `price` FROM `yang_trade` WHERE `currency_id` = 29 ORDER BY price desc LIMIT 1   [ RunTime:0.0430s ]
SQL: SELECT `price` FROM `yang_orders` WHERE `currency_id` = 29 AND `type` = 'buy' AND `status` IN (0,1) ORDER BY price desc LIMIT 1   [ RunTime:0.0420s ]
SQL: SELECT `price` FROM `yang_orders` WHERE `currency_id` = 29 AND `type` = 'sell' AND `status` IN (0,1) ORDER BY price asc LIMIT 1   [ RunTime:0.0440s ]
INFO: [ view_parse ] --START--
INFO: [ template_filter ] --START--
INFO: Run Behavior\ContentReplaceBehavior [ RunTime:0.001000s ]
INFO: [ template_filter ] --END-- [ RunTime:0.001000s ]
INFO: Run Behavior\ParseTemplateBehavior [ RunTime:0.042000s ]
INFO: [ view_parse ] --END-- [ RunTime:0.042000s ]
INFO: [ view_filter ] --START--
INFO: Run Behavior\WriteHtmlCacheBehavior [ RunTime:0.001000s ]
INFO: [ view_filter ] --END-- [ RunTime:0.002000s ]
INFO: [ app_end ] --START--
INFO: Run Behavior\ShowPageTraceBehavior [ RunTime:0.001000s ]
INFO: [ app_end ] --END-- [ RunTime:0.001000s ]

[ 2018-01-25T14:00:13+08:00 ] 127.0.0.1 /Home/Orders/_PUBLIC__/Home/js/script.js
INFO: [ app_init ] --START--
INFO: Run Behavior\BuildLiteBehavior [ RunTime:0.000000s ]
INFO: [ app_init ] --END-- [ RunTime:0.001000s ]
INFO: [ app_begin ] --START--
INFO: Run Behavior\ReadHtmlCacheBehavior [ RunTime:0.001000s ]
INFO: [ app_begin ] --END-- [ RunTime:0.001000s ]
NOTIC: [2] preg_match(): Delimiter must not be alphanumeric or backslash D:\PHP\wamp\www\bisheng\App\Common\Common\function.php 第 620 行.
NOTIC: [2] preg_match(): Delimiter must not be alphanumeric or backslash D:\PHP\wamp\www\bisheng\App\Common\Common\function.php 第 620 行.
SQL: SELECT * FROM `yang_config`  [ RunTime:0.0450s ]
SQL: SELECT * FROM `yang_dividend_config`  [ RunTime:0.0420s ]
SQL: SELECT * FROM `yang_article_category` WHERE ( parent_id = 6 ) LIMIT 4   [ RunTime:0.0360s ]
SQL: SELECT * FROM `yang_article` WHERE ( position_id = 7 ) LIMIT 4   [ RunTime:0.0360s ]
NOTIC: [8] Undefined index: USER_KEY_ID D:\PHP\wamp\www\bisheng\App\Common\Controller\CommonController.class.php 第 77 行.
SQL: SELECT * FROM `yang_currency` WHERE ( is_line=1  ) ORDER BY sort  [ RunTime:0.0380s ]
INFO: [ view_parse ] --START--
INFO: [ template_filter ] --START--
INFO: Run Behavior\ContentReplaceBehavior [ RunTime:0.000000s ]
INFO: [ template_filter ] --END-- [ RunTime:0.000000s ]
INFO: Run Behavior\ParseTemplateBehavior [ RunTime:0.009000s ]
INFO: [ view_parse ] --END-- [ RunTime:0.010000s ]
INFO: [ view_filter ] --START--
INFO: Run Behavior\WriteHtmlCacheBehavior [ RunTime:0.000000s ]
INFO: [ view_filter ] --END-- [ RunTime:0.000000s ]
INFO: [ app_end ] --START--
INFO: Run Behavior\ShowPageTraceBehavior [ RunTime:0.001000s ]
INFO: [ app_end ] --END-- [ RunTime:0.001000s ]

[ 2018-01-25T14:00:15+08:00 ] 127.0.0.1 /Home/Safe/index.html
INFO: [ app_init ] --START--
INFO: Run Behavior\BuildLiteBehavior [ RunTime:0.000000s ]
INFO: [ app_init ] --END-- [ RunTime:0.001000s ]
INFO: [ app_begin ] --START--
INFO: Run Behavior\ReadHtmlCacheBehavior [ RunTime:0.000000s ]
INFO: [ app_begin ] --END-- [ RunTime:0.000000s ]
NOTIC: [2] preg_match(): Delimiter must not be alphanumeric or backslash D:\PHP\wamp\www\bisheng\App\Common\Common\function.php 第 620 行.
SQL: SELECT * FROM `yang_config`  [ RunTime:0.0460s ]
SQL: SELECT * FROM `yang_dividend_config`  [ RunTime:0.0420s ]
SQL: SELECT * FROM `yang_article_category` WHERE ( parent_id = 6 ) LIMIT 4   [ RunTime:0.0350s ]
SQL: SELECT * FROM `yang_article` WHERE ( position_id = 7 ) LIMIT 4   [ RunTime:0.0350s ]
NOTIC: [8] Undefined index: USER_KEY_ID D:\PHP\wamp\www\bisheng\App\Common\Controller\CommonController.class.php 第 77 行.
SQL: SELECT * FROM `yang_currency` WHERE ( is_line=1  ) ORDER BY sort  [ RunTime:0.0410s ]

[ 2018-01-25T14:00:16+08:00 ] 127.0.0.1 /Home/Login/index.html
INFO: [ app_init ] --START--
INFO: Run Behavior\BuildLiteBehavior [ RunTime:0.000000s ]
INFO: [ app_init ] --END-- [ RunTime:0.001000s ]
INFO: [ app_begin ] --START--
INFO: Run Behavior\ReadHtmlCacheBehavior [ RunTime:0.001000s ]
INFO: [ app_begin ] --END-- [ RunTime:0.001000s ]
NOTIC: [2] preg_match(): Delimiter must not be alphanumeric or backslash D:\PHP\wamp\www\bisheng\App\Common\Common\function.php 第 620 行.
SQL: SELECT * FROM `yang_config`  [ RunTime:0.0440s ]
SQL: SELECT * FROM `yang_dividend_config`  [ RunTime:0.0430s ]
SQL: SELECT * FROM `yang_article_category` WHERE ( parent_id = 6 ) LIMIT 4   [ RunTime:0.0360s ]
SQL: SELECT * FROM `yang_article` WHERE ( position_id = 7 ) LIMIT 4   [ RunTime:0.0360s ]
NOTIC: [8] Undefined index: USER_KEY_ID D:\PHP\wamp\www\bisheng\App\Common\Controller\CommonController.class.php 第 77 行.
SQL: SELECT * FROM `yang_currency` WHERE ( is_line=1  ) ORDER BY sort  [ RunTime:0.0460s ]
INFO: [ view_parse ] --START--
INFO: [ template_filter ] --START--
INFO: Run Behavior\ContentReplaceBehavior [ RunTime:0.001000s ]
INFO: [ template_filter ] --END-- [ RunTime:0.002000s ]
INFO: Run Behavior\ParseTemplateBehavior [ RunTime:0.041000s ]
INFO: [ view_parse ] --END-- [ RunTime:0.042000s ]
INFO: [ view_filter ] --START--
INFO: Run Behavior\WriteHtmlCacheBehavior [ RunTime:0.000000s ]
INFO: [ view_filter ] --END-- [ RunTime:0.000000s ]
INFO: [ app_end ] --START--
INFO: Run Behavior\ShowPageTraceBehavior [ RunTime:0.001000s ]
INFO: [ app_end ] --END-- [ RunTime:0.001000s ]

[ 2018-01-25T14:00:18+08:00 ] 127.0.0.1 /Home/Zhongchou/index.html
INFO: [ app_init ] --START--
INFO: Run Behavior\BuildLiteBehavior [ RunTime:0.000000s ]
INFO: [ app_init ] --END-- [ RunTime:0.000000s ]
INFO: [ app_begin ] --START--
INFO: Run Behavior\ReadHtmlCacheBehavior [ RunTime:0.000000s ]
INFO: [ app_begin ] --END-- [ RunTime:0.001000s ]
NOTIC: [2] preg_match(): Delimiter must not be alphanumeric or backslash D:\PHP\wamp\www\bisheng\App\Common\Common\function.php 第 620 行.
SQL: SELECT * FROM `yang_config`  [ RunTime:0.0480s ]
SQL: SELECT * FROM `yang_dividend_config`  [ RunTime:0.0490s ]
SQL: SELECT * FROM `yang_article_category` WHERE ( parent_id = 6 ) LIMIT 4   [ RunTime:0.0430s ]
SQL: SELECT * FROM `yang_article` WHERE ( position_id = 7 ) LIMIT 4   [ RunTime:0.0420s ]
NOTIC: [8] Undefined index: USER_KEY_ID D:\PHP\wamp\www\bisheng\App\Common\Controller\CommonController.class.php 第 77 行.
SQL: SELECT * FROM `yang_currency` WHERE ( is_line=1  ) ORDER BY sort  [ RunTime:0.0500s ]
SQL: SHOW COLUMNS FROM `yang_entrust` [ RunTime:0.0530s ]
SQL: SHOW COLUMNS FROM `yang_issue` [ RunTime:0.0450s ]
SQL: SELECT `id`,`add_time`,`end_time`,`num`,`num_nosell`,`zhongchou_success_bili`,`status` FROM `yang_issue`  [ RunTime:0.0430s ]
SQL: SELECT COUNT(*) AS tp_count FROM `yang_issue` left join yang_currency on yang_currency.currency_id=yang_issue.currency_id  LIMIT 1   [ RunTime:0.0440s ]
SQL: SELECT yang_issue.*,yang_currency.currency_name as name,yang_currency.currency_logo as logo FROM `yang_issue` left join yang_currency on yang_currency.currency_id=yang_issue.currency_id  ORDER BY end_time desc LIMIT 0,5   [ RunTime:0.0500s ]
INFO: [ view_parse ] --START--
INFO: [ template_filter ] --START--
INFO: Run Behavior\ContentReplaceBehavior [ RunTime:0.000000s ]
INFO: [ template_filter ] --END-- [ RunTime:0.001000s ]
INFO: Run Behavior\ParseTemplateBehavior [ RunTime:0.039000s ]
INFO: [ view_parse ] --END-- [ RunTime:0.039000s ]
INFO: [ view_filter ] --START--
INFO: Run Behavior\WriteHtmlCacheBehavior [ RunTime:0.001000s ]
INFO: [ view_filter ] --END-- [ RunTime:0.001000s ]
INFO: [ app_end ] --START--
INFO: Run Behavior\ShowPageTraceBehavior [ RunTime:0.001000s ]
INFO: [ app_end ] --END-- [ RunTime:0.001000s ]

[ 2018-01-25T14:00:19+08:00 ] 127.0.0.1 /Home/Zhongchou/index.html
INFO: [ app_init ] --START--
INFO: Run Behavior\BuildLiteBehavior [ RunTime:0.000000s ]
INFO: [ app_init ] --END-- [ RunTime:0.001000s ]
INFO: [ app_begin ] --START--
INFO: Run Behavior\ReadHtmlCacheBehavior [ RunTime:0.001000s ]
INFO: [ app_begin ] --END-- [ RunTime:0.001000s ]
NOTIC: [2] preg_match(): Delimiter must not be alphanumeric or backslash D:\PHP\wamp\www\bisheng\App\Common\Common\function.php 第 620 行.
SQL: SELECT * FROM `yang_config`  [ RunTime:0.0490s ]
SQL: SELECT * FROM `yang_dividend_config`  [ RunTime:0.0460s ]
SQL: SELECT * FROM `yang_article_category` WHERE ( parent_id = 6 ) LIMIT 4   [ RunTime:0.0420s ]
SQL: SELECT * FROM `yang_article` WHERE ( position_id = 7 ) LIMIT 4   [ RunTime:0.0400s ]
NOTIC: [8] Undefined index: USER_KEY_ID D:\PHP\wamp\www\bisheng\App\Common\Controller\CommonController.class.php 第 77 行.
SQL: SELECT * FROM `yang_currency` WHERE ( is_line=1  ) ORDER BY sort  [ RunTime:0.0470s ]
SQL: SELECT `id`,`add_time`,`end_time`,`num`,`num_nosell`,`zhongchou_success_bili`,`status` FROM `yang_issue`  [ RunTime:0.0470s ]
SQL: SELECT COUNT(*) AS tp_count FROM `yang_issue` left join yang_currency on yang_currency.currency_id=yang_issue.currency_id  LIMIT 1   [ RunTime:0.0410s ]
SQL: SELECT yang_issue.*,yang_currency.currency_name as name,yang_currency.currency_logo as logo FROM `yang_issue` left join yang_currency on yang_currency.currency_id=yang_issue.currency_id  ORDER BY end_time desc LIMIT 0,5   [ RunTime:0.0490s ]
INFO: [ view_parse ] --START--
INFO: [ template_filter ] --START--
INFO: Run Behavior\ContentReplaceBehavior [ RunTime:0.001000s ]
INFO: [ template_filter ] --END-- [ RunTime:0.001000s ]
INFO: Run Behavior\ParseTemplateBehavior [ RunTime:0.025000s ]
INFO: [ view_parse ] --END-- [ RunTime:0.025000s ]
INFO: [ view_filter ] --START--
INFO: Run Behavior\WriteHtmlCacheBehavior [ RunTime:0.001000s ]
INFO: [ view_filter ] --END-- [ RunTime:0.001000s ]
INFO: [ app_end ] --START--
INFO: Run Behavior\ShowPageTraceBehavior [ RunTime:0.000000s ]
INFO: [ app_end ] --END-- [ RunTime:0.001000s ]

