[ 2018-01-25T14:00:12+08:00 ] 127.0.0.1 /Uploads/Public/Uploads/2016-03-19/56ecc75e1312d.jpg
INFO: [ app_init ] --START--
INFO: Run Behavior\BuildLiteBehavior [ RunTime:0.000000s ]
INFO: [ app_init ] --END-- [ RunTime:0.000000s ]
ERR: 无法加载模块:Uploads

[ 2018-01-25T14:00:13+08:00 ] 127.0.0.1 /Uploads/Public/Uploads/2016-03-19/56ecc75e1312d.jpg
INFO: [ app_init ] --START--
INFO: Run Behavior\BuildLiteBehavior [ RunTime:0.000000s ]
INFO: [ app_init ] --END-- [ RunTime:0.001000s ]
ERR: 无法加载模块:Uploads

[ 2018-01-25T14:00:16+08:00 ] 127.0.0.1 /Uploads/Public/Uploads/2016-03-19/56ecc75e1312d.jpg
INFO: [ app_init ] --START--
INFO: Run Behavior\BuildLiteBehavior [ RunTime:0.000000s ]
INFO: [ app_init ] --END-- [ RunTime:0.000000s ]
ERR: 无法加载模块:Uploads

[ 2018-01-25T14:00:16+08:00 ] 127.0.0.1 /images/jubi/zhuce.png
INFO: [ app_init ] --START--
INFO: Run Behavior\BuildLiteBehavior [ RunTime:0.000000s ]
INFO: [ app_init ] --END-- [ RunTime:0.000000s ]
ERR: 无法加载模块:Images

[ 2018-01-25T14:00:19+08:00 ] 127.0.0.1 /Uploads/Public/Uploads/2016-03-19/56ecc75e1312d.jpg
INFO: [ app_init ] --START--
INFO: Run Behavior\BuildLiteBehavior [ RunTime:0.000000s ]
INFO: [ app_init ] --END-- [ RunTime:0.000000s ]
ERR: 无法加载模块:Uploads

[ 2018-01-25T14:00:19+08:00 ] 127.0.0.1 /Uploads/Public/Uploads/2016-03-19/56ecc75e1312d.jpg
INFO: [ app_init ] --START--
INFO: Run Behavior\BuildLiteBehavior [ RunTime:0.000000s ]
INFO: [ app_init ] --END-- [ RunTime:0.001000s ]
ERR: 无法加载模块:Uploads

